[17:45:50] [Server thread/INFO]: Starting minecraft server version 1.12.2
[17:45:50] [Server thread/INFO]: Loading properties
[17:45:50] [Server thread/INFO]: Default game type: SURVIVAL
[17:45:51] [Server thread/INFO]: This server is running CraftBukkit version git-Spigot-3d850ec-809c399 (MC: 1.12.2) (Implementing API version 1.12.2-R0.1-SNAPSHOT)
[17:45:52] [Server thread/INFO]: Debug logging is disabled
[17:45:52] [Server thread/INFO]: Server Ping Player Sample Count: 12
[17:45:52] [Server thread/INFO]: Using 4 threads for Netty based IO
[17:45:52] [Server thread/INFO]: Generating keypair
[17:45:53] [Server thread/INFO]: Starting Minecraft server on *:25565
[17:45:53] [Server thread/INFO]: Using default channel type
[17:45:54] [Server thread/INFO]: **** Beginning UUID conversion, this may take A LONG time ****
[17:45:55] [Server thread/INFO]: Preparing level "world"
[17:45:55] [Server thread/INFO]: -------- World Settings For [world] --------
[17:45:55] [Server thread/INFO]: Item Despawn Rate: 6000
[17:45:55] [Server thread/INFO]: Item Merge Radius: 2.5
[17:45:55] [Server thread/INFO]: Arrow Despawn Rate: 1200
[17:45:55] [Server thread/INFO]: Allow Zombie Pigmen to spawn from portal blocks: true
[17:45:55] [Server thread/INFO]: Zombie Aggressive Towards Villager: true
[17:45:55] [Server thread/INFO]: Experience Merge Radius: 3.0
[17:45:55] [Server thread/INFO]: Nerfing mobs spawned from spawners: false
[17:45:55] [Server thread/INFO]: View Distance: 10
[17:45:55] [Server thread/INFO]: Mob Spawn Range: 4
[17:45:55] [Server thread/INFO]: Hopper Transfer: 8 Hopper Check: 1 Hopper Amount: 1
[17:45:55] [Server thread/INFO]: Random Lighting Updates: false
[17:45:55] [Server thread/INFO]: Structure Info Saving: true
[17:45:55] [Server thread/INFO]: Cactus Growth Modifier: 100%
[17:45:55] [Server thread/INFO]: Cane Growth Modifier: 100%
[17:45:55] [Server thread/INFO]: Melon Growth Modifier: 100%
[17:45:55] [Server thread/INFO]: Mushroom Growth Modifier: 100%
[17:45:55] [Server thread/INFO]: Pumpkin Growth Modifier: 100%
[17:45:55] [Server thread/INFO]: Sapling Growth Modifier: 100%
[17:45:55] [Server thread/INFO]: Wheat Growth Modifier: 100%
[17:45:55] [Server thread/INFO]: NetherWart Growth Modifier: 100%
[17:45:55] [Server thread/INFO]: Vine Growth Modifier: 100%
[17:45:55] [Server thread/INFO]: Cocoa Growth Modifier: 100%
[17:45:55] [Server thread/INFO]: Entity Tracking Range: Pl 48 / An 48 / Mo 48 / Mi 32 / Other 64
[17:45:55] [Server thread/INFO]: Entity Activation Range: An 32 / Mo 32 / Mi 16
[17:45:55] [Server thread/INFO]: Max TNT Explosions: 100
[17:45:55] [Server thread/INFO]: Tile Max Tick Time: 50ms Entity max Tick Time: 50ms
[17:45:55] [Server thread/INFO]: Custom Map Seeds:  Village: 10387312 Feature: 14357617 Monument: 10387313 Slime: 987234911
[17:46:02] [Server thread/INFO]: -------- World Settings For [world_nether] --------
[17:46:02] [Server thread/INFO]: Item Despawn Rate: 6000
[17:46:02] [Server thread/INFO]: Item Merge Radius: 2.5
[17:46:02] [Server thread/INFO]: Arrow Despawn Rate: 1200
[17:46:02] [Server thread/INFO]: Allow Zombie Pigmen to spawn from portal blocks: true
[17:46:02] [Server thread/INFO]: Zombie Aggressive Towards Villager: true
[17:46:02] [Server thread/INFO]: Experience Merge Radius: 3.0
[17:46:02] [Server thread/INFO]: Nerfing mobs spawned from spawners: false
[17:46:02] [Server thread/INFO]: View Distance: 10
[17:46:02] [Server thread/INFO]: Mob Spawn Range: 4
[17:46:02] [Server thread/INFO]: Hopper Transfer: 8 Hopper Check: 1 Hopper Amount: 1
[17:46:02] [Server thread/INFO]: Random Lighting Updates: false
[17:46:02] [Server thread/INFO]: Structure Info Saving: true
[17:46:02] [Server thread/INFO]: Cactus Growth Modifier: 100%
[17:46:02] [Server thread/INFO]: Cane Growth Modifier: 100%
[17:46:02] [Server thread/INFO]: Melon Growth Modifier: 100%
[17:46:02] [Server thread/INFO]: Mushroom Growth Modifier: 100%
[17:46:02] [Server thread/INFO]: Pumpkin Growth Modifier: 100%
[17:46:02] [Server thread/INFO]: Sapling Growth Modifier: 100%
[17:46:02] [Server thread/INFO]: Wheat Growth Modifier: 100%
[17:46:02] [Server thread/INFO]: NetherWart Growth Modifier: 100%
[17:46:02] [Server thread/INFO]: Vine Growth Modifier: 100%
[17:46:02] [Server thread/INFO]: Cocoa Growth Modifier: 100%
[17:46:02] [Server thread/INFO]: Entity Tracking Range: Pl 48 / An 48 / Mo 48 / Mi 32 / Other 64
[17:46:02] [Server thread/INFO]: Entity Activation Range: An 32 / Mo 32 / Mi 16
[17:46:02] [Server thread/INFO]: Max TNT Explosions: 100
[17:46:02] [Server thread/INFO]: Tile Max Tick Time: 50ms Entity max Tick Time: 50ms
[17:46:02] [Server thread/INFO]: Custom Map Seeds:  Village: 10387312 Feature: 14357617 Monument: 10387313 Slime: 987234911
[17:46:02] [Server thread/INFO]: -------- World Settings For [world_the_end] --------
[17:46:02] [Server thread/INFO]: Item Despawn Rate: 6000
[17:46:02] [Server thread/INFO]: Item Merge Radius: 2.5
[17:46:02] [Server thread/INFO]: Arrow Despawn Rate: 1200
[17:46:02] [Server thread/INFO]: Allow Zombie Pigmen to spawn from portal blocks: true
[17:46:02] [Server thread/INFO]: Zombie Aggressive Towards Villager: true
[17:46:02] [Server thread/INFO]: Experience Merge Radius: 3.0
[17:46:02] [Server thread/INFO]: Nerfing mobs spawned from spawners: false
[17:46:02] [Server thread/INFO]: View Distance: 10
[17:46:02] [Server thread/INFO]: Mob Spawn Range: 4
[17:46:02] [Server thread/INFO]: Hopper Transfer: 8 Hopper Check: 1 Hopper Amount: 1
[17:46:02] [Server thread/INFO]: Random Lighting Updates: false
[17:46:02] [Server thread/INFO]: Structure Info Saving: true
[17:46:02] [Server thread/INFO]: Cactus Growth Modifier: 100%
[17:46:02] [Server thread/INFO]: Cane Growth Modifier: 100%
[17:46:02] [Server thread/INFO]: Melon Growth Modifier: 100%
[17:46:02] [Server thread/INFO]: Mushroom Growth Modifier: 100%
[17:46:02] [Server thread/INFO]: Pumpkin Growth Modifier: 100%
[17:46:02] [Server thread/INFO]: Sapling Growth Modifier: 100%
[17:46:02] [Server thread/INFO]: Wheat Growth Modifier: 100%
[17:46:02] [Server thread/INFO]: NetherWart Growth Modifier: 100%
[17:46:02] [Server thread/INFO]: Vine Growth Modifier: 100%
[17:46:02] [Server thread/INFO]: Cocoa Growth Modifier: 100%
[17:46:02] [Server thread/INFO]: Entity Tracking Range: Pl 48 / An 48 / Mo 48 / Mi 32 / Other 64
[17:46:02] [Server thread/INFO]: Entity Activation Range: An 32 / Mo 32 / Mi 16
[17:46:02] [Server thread/INFO]: Max TNT Explosions: 100
[17:46:02] [Server thread/INFO]: Tile Max Tick Time: 50ms Entity max Tick Time: 50ms
[17:46:02] [Server thread/INFO]: Custom Map Seeds:  Village: 10387312 Feature: 14357617 Monument: 10387313 Slime: 987234911
[17:46:04] [Server thread/INFO]: Preparing start region for level 0 (Seed: 4481172436892403233)
[17:46:05] [Server thread/INFO]: Preparing spawn area: 0%
[17:46:06] [Server thread/INFO]: Preparing spawn area: 3%
[17:46:07] [Server thread/INFO]: Preparing spawn area: 4%
[17:46:08] [Server thread/INFO]: Preparing spawn area: 6%
[17:46:09] [Server thread/INFO]: Preparing spawn area: 8%
[17:46:10] [Server thread/INFO]: Preparing spawn area: 9%
[17:46:11] [Server thread/INFO]: Preparing spawn area: 11%
[17:46:12] [Server thread/INFO]: Preparing spawn area: 14%
[17:46:13] [Server thread/INFO]: Preparing spawn area: 17%
[17:46:15] [Server thread/INFO]: Preparing spawn area: 20%
[17:46:16] [Server thread/INFO]: Preparing spawn area: 23%
[17:46:17] [Server thread/INFO]: Preparing spawn area: 26%
[17:46:18] [Server thread/INFO]: Preparing spawn area: 28%
[17:46:19] [Server thread/INFO]: Preparing spawn area: 31%
[17:46:20] [Server thread/INFO]: Preparing spawn area: 34%
[17:46:21] [Server thread/INFO]: Preparing spawn area: 37%
[17:46:22] [Server thread/INFO]: Preparing spawn area: 39%
[17:46:23] [Server thread/INFO]: Preparing spawn area: 42%
[17:46:24] [Server thread/INFO]: Preparing spawn area: 45%
[17:46:25] [Server thread/INFO]: Preparing spawn area: 47%
[17:46:26] [Server thread/INFO]: Preparing spawn area: 50%
[17:46:27] [Server thread/INFO]: Preparing spawn area: 52%
[17:46:28] [Server thread/INFO]: Preparing spawn area: 54%
[17:46:29] [Server thread/INFO]: Preparing spawn area: 57%
[17:46:30] [Server thread/INFO]: Preparing spawn area: 60%
[17:46:31] [Server thread/INFO]: Preparing spawn area: 63%
[17:46:32] [Server thread/INFO]: Preparing spawn area: 66%
[17:46:33] [Server thread/INFO]: Preparing spawn area: 68%
[17:46:34] [Server thread/INFO]: Preparing spawn area: 71%
[17:46:35] [Server thread/INFO]: Preparing spawn area: 74%
[17:46:37] [Server thread/INFO]: Preparing spawn area: 74%
[17:46:38] [Server thread/INFO]: Preparing spawn area: 77%
[17:46:39] [Server thread/INFO]: Preparing spawn area: 79%
[17:46:40] [Server thread/INFO]: Preparing spawn area: 80%
[17:46:41] [Server thread/INFO]: Preparing spawn area: 83%
[17:46:42] [Server thread/INFO]: Preparing spawn area: 85%
[17:46:43] [Server thread/INFO]: Preparing spawn area: 87%
[17:46:44] [Server thread/INFO]: Preparing spawn area: 90%
[17:46:45] [Server thread/INFO]: Preparing spawn area: 93%
[17:46:47] [Server thread/INFO]: Preparing spawn area: 93%
[17:46:48] [Server thread/INFO]: Preparing spawn area: 96%
[17:46:49] [Server thread/INFO]: Preparing spawn area: 99%
[17:46:49] [Server thread/INFO]: Preparing start region for level 1 (Seed: 4481172436892403233)
[17:46:50] [Server thread/INFO]: Preparing spawn area: 2%
[17:46:51] [Server thread/INFO]: Preparing spawn area: 4%
[17:46:52] [Server thread/INFO]: Preparing spawn area: 7%
[17:46:53] [Server thread/INFO]: Preparing spawn area: 9%
[17:46:55] [Server thread/INFO]: Preparing spawn area: 10%
[17:46:56] [Server thread/INFO]: Preparing spawn area: 12%
[17:46:57] [Server thread/INFO]: Preparing spawn area: 13%
[17:46:58] [Server thread/INFO]: Preparing spawn area: 15%
[17:46:59] [Server thread/INFO]: Preparing spawn area: 18%
[17:47:00] [Server thread/INFO]: Preparing spawn area: 20%
[17:47:01] [Server thread/INFO]: Preparing spawn area: 23%
[17:47:02] [Server thread/INFO]: Preparing spawn area: 26%
[17:47:03] [Server thread/INFO]: Preparing spawn area: 31%
[17:47:04] [Server thread/INFO]: Preparing spawn area: 35%
[17:47:05] [Server thread/INFO]: Preparing spawn area: 39%
[17:47:06] [Server thread/INFO]: Preparing spawn area: 44%
[17:47:07] [Server thread/INFO]: Preparing spawn area: 48%
[17:47:08] [Server thread/INFO]: Preparing spawn area: 51%
[17:47:09] [Server thread/INFO]: Preparing spawn area: 55%
[17:47:10] [Server thread/INFO]: Preparing spawn area: 61%
[17:47:11] [Server thread/INFO]: Preparing spawn area: 65%
[17:47:12] [Server thread/INFO]: Preparing spawn area: 70%
[17:47:13] [Server thread/INFO]: Preparing spawn area: 74%
[17:47:14] [Server thread/INFO]: Preparing spawn area: 80%
[17:47:15] [Server thread/INFO]: Preparing spawn area: 86%
[17:47:17] [Server thread/INFO]: Preparing spawn area: 91%
[17:47:18] [Server thread/INFO]: Preparing spawn area: 97%
[17:47:18] [Server thread/INFO]: Preparing start region for level 2 (Seed: 4481172436892403233)
[17:47:19] [Server thread/INFO]: Preparing spawn area: 10%
[17:47:20] [Server thread/INFO]: Preparing spawn area: 21%
[17:47:21] [Server thread/INFO]: Preparing spawn area: 35%
[17:47:22] [Server thread/INFO]: Preparing spawn area: 46%
[17:47:23] [Server thread/INFO]: Preparing spawn area: 54%
[17:47:25] [Server thread/INFO]: Preparing spawn area: 63%
[17:47:26] [Server thread/INFO]: Preparing spawn area: 77%
[17:47:27] [Server thread/INFO]: Preparing spawn area: 92%
[17:47:27] [Server thread/INFO]: Done (92.864s)! For help, type "help" or "?"
[17:49:05] [Server thread/INFO]: Added WyattPlayzPC to the whitelist
[17:49:14] [Server thread/INFO]: Could not add __LEGEND_GAMER__ to the whitelist
[17:49:24] [Server thread/INFO]: Could not add _LEGEND__GAMER_ to the whitelist
[17:49:33] [Server thread/INFO]: Added Jaoheah to the whitelist
[17:49:40] [Server thread/INFO]: Turned on the whitelist
[17:50:07] [Server thread/INFO]: Opped WyattPlayzPC
[17:51:48] [User Authenticator #1/INFO]: UUID of player WyattPlayzPC is 810e49ed-e22b-494a-98bb-ff0a19cc3290
[17:51:49] [Server thread/INFO]: WyattPlayzPC[/127.0.0.1:65431] logged in with entity id 1947 at ([world]-4.5, 63.0, 138.5)
[17:52:53] [Server thread/INFO]: WyattPlayzPC lost connection: Disconnected
[17:52:56] [Server thread/INFO]: WyattPlayzPC left the game
